2026-02-27 23:41:50,112 | INFO | walksim | Thread-1 (process_request_thread) | [e6996535] list_connected_devices
2026-02-27 23:46:46,425 | INFO | walksim | Thread-1 (process_request_thread) | [34365f9b] list_connected_devices
2026-02-27 23:47:56,671 | INFO | walksim | Thread-1 (process_request_thread) | [6302ea00] list_connected_devices
2026-02-27 23:48:17,807 | INFO | walksim | Thread-1 (process_request_thread) | [adb2dd53] list_connected_devices
2026-02-27 23:48:48,487 | INFO | walksim | Thread-1 (process_request_thread) | [13a71675] list_connected_devices
2026-02-27 23:48:48,489 | ERROR | walksim.api | Thread-1 (process_request_thread) | devices failed err=Error in path (parsing)
stream.tell() failed
Traceback (most recent call last):
  File "/Users/james/james/GPS-Simulator/backend/.venv/lib/python3.14/site-packages/construct/core.py", line 213, in stream_tell
    return stream.tell()
           ^^^^^^^^^^^
AttributeError: 'SafeStreamSocket' object has no attribute 'tell'

During handling of the above exception, another exception occurred:

Traceback (most recent call last):
  File "/Users/james/james/GPS-Simulator/backend/gpsSimulator/locaSim/views.py", line 22, in list_devices
    data = service.list_connected_devices()
  File "/Users/james/james/GPS-Simulator/backend/gpsSimulator/locaSim/service.py", line 152, in list_connected_devices
    for d in list_devices():
             ~~~~~~~~~~~~^^
  File "/Users/james/james/GPS-Simulator/backend/.venv/lib/python3.14/site-packages/pymobiledevice3/usbmux.py", line 409, in list_devices
    mux = create_mux(usbmux_address=usbmux_address)
  File "/Users/james/james/GPS-Simulator/backend/.venv/lib/python3.14/site-packages/pymobiledevice3/usbmux.py", line 405, in create_mux
    return MuxConnection.create(usbmux_address=usbmux_address)
           ~~~~~~~~~~~~~~~~~~~~^^^^^^^^^^^^^^^^^^^^^^^^^^^^^^^
  File "/Users/james/james/GPS-Simulator/backend/.venv/lib/python3.14/site-packages/pymobiledevice3/usbmux.py", line 180, in create
    response = usbmuxd_response.parse_stream(sock)
  File "/Users/james/james/GPS-Simulator/backend/.venv/lib/python3.14/site-packages/construct/core.py", line 416, in parse_stream
    return self._parsereport(stream, context, "(parsing)")
           ~~~~~~~~~~~~~~~~~^^^^^^^^^^^^^^^^^^^^^^^^^^^^^^
  File "/Users/james/james/GPS-Simulator/backend/.venv/lib/python3.14/site-packages/construct/core.py", line 428, in _parsereport
    obj = self._parse(stream, context, path)
  File "/Users/james/james/GPS-Simulator/backend/.venv/lib/python3.14/site-packages/construct/core.py", line 4869, in _parse
    substream = BytesIOWithOffsets.from_reading(stream, length, path)
  File "/Users/james/james/GPS-Simulator/backend/.venv/lib/python3.14/site-packages/construct/core.py", line 241, in from_reading
    offset = stream_tell(stream, path)
  File "/Users/james/james/GPS-Simulator/backend/.venv/lib/python3.14/site-packages/construct/core.py", line 215, in stream_tell
    raise StreamError("stream.tell() failed", path=path)
construct.core.StreamError: Error in path (parsing)
stream.tell() failed
